#
# There is insufficient memory for the Java Runtime Environment to continue.
# Native memory allocation (malloc) failed to allocate 65552 bytes for Chunk::new
# Possible reasons:
#   The system is out of physical RAM or swap space
#   The process is running with CompressedOops enabled, and the Java Heap may be blocking the growth of the native heap
# Possible solutions:
#   Reduce memory load on the system
#   Increase physical memory or swap space
#   Check if swap backing store is full
#   Decrease Java heap size (-Xmx/-Xms)
#   Decrease number of Java threads
#   Decrease Java thread stack sizes (-Xss)
#   Set larger code cache with -XX:ReservedCodeCacheSize=
#   JVM is running with Unscaled Compressed Oops mode in which the Java heap is
#     placed in the first 4GB address space. The Java Heap base address is the
#     maximum limit for the native heap growth. Please use -XX:HeapBaseMinAddress
#     to set the Java Heap base and to place the Java Heap above 4GB virtual address.
# This output file may be truncated or incomplete.
#
#  Out of Memory Error (arena.cpp:189), pid=15416, tid=22756
#
# JRE version: OpenJDK Runtime Environment Temurin-17+35 (17.0+35) (build 17+35)
# Java VM: OpenJDK 64-Bit Server VM Temurin-17+35 (17+35, mixed mode, tiered, compressed oops, compressed class ptrs, g1 gc, windows-amd64)
# No core dump will be written. Minidumps are not enabled by default on client versions of Windows
#

---------------  S U M M A R Y ------------

Command Line: -Djava.library.path=E:\ANTi_study\parking-management\HeThongQLBaiDoXe\HeThongQuanLyBaiGuiXeSV\lib\x64 -Dfile.encoding=UTF-8 -XX:+ShowCodeDetailsInExceptionMessages ui.UI_QuanLyXeTrongBai

Host: 11th Gen Intel(R) Core(TM) i7-1165G7 @ 2.80GHz, 8 cores, 7G,  Windows 10 , 64 bit Build 22000 (10.0.22000.434)
Time: Thu Mar  3 17:31:08 2022 SE Asia Standard Time elapsed time: 0.383891 seconds (0d 0h 0m 0s)

---------------  T H R E A D  ---------------

Current thread (0x0000022c15118190):  JavaThread "C2 CompilerThread1" daemon [_thread_in_native, id=22756, stack(0x000000f394e00000,0x000000f394f00000)]


Current CompileTask:
C2:    383  885       4       sun.util.locale.BaseLocale::getInstance (149 bytes)

Stack: [0x000000f394e00000,0x000000f394f00000]
Native frames: (J=compiled Java code, j=interpreted, Vv=VM code, C=native code)
V  [jvm.dll+0x674afa]
V  [jvm.dll+0x82eb44]
V  [jvm.dll+0x8302ee]
V  [jvm.dll+0x830953]
V  [jvm.dll+0x245335]
V  [jvm.dll+0xab52b]
V  [jvm.dll+0xababc]
V  [jvm.dll+0xab63b]
V  [jvm.dll+0x6525cc]
V  [jvm.dll+0x21ed19]
V  [jvm.dll+0x697b61]
V  [jvm.dll+0x217389]
V  [jvm.dll+0x1a356d]
V  [jvm.dll+0x226ff8]
V  [jvm.dll+0x22513c]
V  [jvm.dll+0x7e47fb]
V  [jvm.dll+0x7dedba]
V  [jvm.dll+0x673925]
C  [ucrtbase.dll+0x26c0c]
C  [KERNEL32.DLL+0x154e0]
C  [ntdll.dll+0x485b]


---------------  P R O C E S S  ---------------

Threads class SMR info:
_java_thread_list=0x0000022c15161c30, length=17, elements={
0x0000022c79d28e90, 0x0000022c7ecccf50, 0x0000022c7eccd900, 0x0000022c7ecf80c0,
0x0000022c7ed27030, 0x0000022c7ed278f0, 0x0000022c7ed281b0, 0x0000022c7f80ade0,
0x0000022c7f8145d0, 0x0000022c7f814fc0, 0x0000022c7f99cae0, 0x0000022c7f9accc0,
0x0000022c1501af30, 0x0000022c15021b90, 0x0000022c15024b20, 0x0000022c15084d50,
0x0000022c15118190
}

Java Threads: ( => current thread )
  0x0000022c79d28e90 JavaThread "main" [_thread_in_vm, id=17024, stack(0x000000f393700000,0x000000f393800000)]
  0x0000022c7ecccf50 JavaThread "Reference Handler" daemon [_thread_blocked, id=47908, stack(0x000000f393e00000,0x000000f393f00000)]
  0x0000022c7eccd900 JavaThread "Finalizer" daemon [_thread_blocked, id=34256, stack(0x000000f393f00000,0x000000f394000000)]
  0x0000022c7ecf80c0 JavaThread "Signal Dispatcher" daemon [_thread_blocked, id=16084, stack(0x000000f394000000,0x000000f394100000)]
  0x0000022c7ed27030 JavaThread "Attach Listener" daemon [_thread_blocked, id=21304, stack(0x000000f394100000,0x000000f394200000)]
  0x0000022c7ed278f0 JavaThread "Service Thread" daemon [_thread_blocked, id=39024, stack(0x000000f394200000,0x000000f394300000)]
  0x0000022c7ed281b0 JavaThread "Monitor Deflation Thread" daemon [_thread_blocked, id=32888, stack(0x000000f394300000,0x000000f394400000)]
  0x0000022c7f80ade0 JavaThread "C2 CompilerThread0" daemon [_thread_in_native, id=50684, stack(0x000000f394400000,0x000000f394500000)]
  0x0000022c7f8145d0 JavaThread "C1 CompilerThread0" daemon [_thread_blocked, id=18456, stack(0x000000f394500000,0x000000f394600000)]
  0x0000022c7f814fc0 JavaThread "Sweeper thread" daemon [_thread_blocked, id=32612, stack(0x000000f394600000,0x000000f394700000)]
  0x0000022c7f99cae0 JavaThread "Notification Thread" daemon [_thread_blocked, id=52544, stack(0x000000f394700000,0x000000f394800000)]
  0x0000022c7f9accc0 JavaThread "Common-Cleaner" daemon [_thread_blocked, id=3324, stack(0x000000f394900000,0x000000f394a00000)]
  0x0000022c1501af30 JavaThread "Java2D Disposer" daemon [_thread_blocked, id=10608, stack(0x000000f394a00000,0x000000f394b00000)]
  0x0000022c15021b90 JavaThread "AWT-Shutdown" [_thread_blocked, id=40060, stack(0x000000f394b00000,0x000000f394c00000)]
  0x0000022c15024b20 JavaThread "AWT-Windows" daemon [_thread_in_native, id=17292, stack(0x000000f394c00000,0x000000f394d00000)]
  0x0000022c15084d50 JavaThread "AWT-EventQueue-0" [_thread_blocked, id=27748, stack(0x000000f394d00000,0x000000f394e00000)]
=>0x0000022c15118190 JavaThread "C2 CompilerThread1" daemon [_thread_in_native, id=22756, stack(0x000000f394e00000,0x000000f394f00000)]

Other Threads:
  0x0000022c7ecead20 VMThread "VM Thread" [stack: 0x000000f393d00000,0x000000f393e00000] [id=51472]
  0x0000022c79d82fd0 WatcherThread [stack: 0x000000f394800000,0x000000f394900000] [id=26036]
  0x0000022c79d65da0 GCTaskThread "GC Thread#0" [stack: 0x000000f393800000,0x000000f393900000] [id=37600]
  0x0000022c79d76460 ConcurrentGCThread "G1 Main Marker" [stack: 0x000000f393900000,0x000000f393a00000] [id=12736]
  0x0000022c79d76e70 ConcurrentGCThread "G1 Conc#0" [stack: 0x000000f393a00000,0x000000f393b00000] [id=15972]
  0x0000022c79df6b90 ConcurrentGCThread "G1 Refine#0" [stack: 0x000000f393b00000,0x000000f393c00000] [id=13984]
  0x0000022c79df85c0 ConcurrentGCThread "G1 Service" [stack: 0x000000f393c00000,0x000000f393d00000] [id=2156]

Threads with active compile tasks:
C2 CompilerThread0      399  869       4       java.util.HashMap::put (13 bytes)
C2 CompilerThread1      399  885       4       sun.util.locale.BaseLocale::getInstance (149 bytes)

VM state: not at safepoint (normal execution)

VM Mutex/Monitor currently owned by a thread: None

Heap address: 0x0000000084400000, size: 1980 MB, Compressed Oops mode: 32-bit

CDS archive(s) not mapped
Compressed class space mapped at: 0x0000000100000000-0x0000000140000000, reserved size: 1073741824
Narrow klass base: 0x0000000000000000, Narrow klass shift: 3, Narrow klass range: 0x140000000

GC Precious Log:
 CPUs: 8 total, 8 available
 Memory: 7914M
 Large Page Support: Disabled
 NUMA Support: Disabled
 Compressed Oops: Enabled (32-bit)
 Heap Region Size: 1M
 Heap Min Capacity: 8M
 Heap Initial Capacity: 124M
 Heap Max Capacity: 1980M
 Pre-touch: Disabled
 Parallel Workers: 8
 Concurrent Workers: 2
 Concurrent Refinement Workers: 8
 Periodic GC: Disabled

Heap:
 garbage-first heap   total 126976K, used 18432K [0x0000000084400000, 0x0000000100000000)
  region size 1024K, 11 young (11264K), 0 survivors (0K)
 Metaspace       used 16855K, committed 17024K, reserved 1064960K
  class space    used 1758K, committed 1856K, reserved 1048576K

Heap Regions: E=young(eden), S=young(survivor), O=old, HS=humongous(starts), HC=humongous(continues), CS=collection set, F=free, OA=open archive, CA=closed archive, TAMS=top-at-mark-start (previous, next)
|   0|0x0000000084400000, 0x0000000084500000, 0x0000000084500000|100%|HS|  |TAMS 0x0000000084400000, 0x0000000084400000| Complete 
|   1|0x0000000084500000, 0x0000000084600000, 0x0000000084600000|100%|HC|  |TAMS 0x0000000084500000, 0x0000000084500000| Complete 
|   2|0x0000000084600000, 0x0000000084700000, 0x0000000084700000|100%|HC|  |TAMS 0x0000000084600000, 0x0000000084600000| Complete 
|   3|0x0000000084700000, 0x0000000084800000, 0x0000000084800000|100%|HC|  |TAMS 0x0000000084700000, 0x0000000084700000| Complete 
|   4|0x0000000084800000, 0x0000000084900000, 0x0000000084900000|100%|HC|  |TAMS 0x0000000084800000, 0x0000000084800000| Complete 
|   5|0x0000000084900000, 0x0000000084a00000, 0x0000000084a00000|100%|HC|  |TAMS 0x0000000084900000, 0x0000000084900000| Complete 
|   6|0x0000000084a00000, 0x0000000084b00000, 0x0000000084b00000|100%|HC|  |TAMS 0x0000000084a00000, 0x0000000084a00000| Complete 
|   7|0x0000000084b00000, 0x0000000084c00000, 0x0000000084c00000|100%|HC|  |TAMS 0x0000000084b00000, 0x0000000084b00000| Complete 
|   8|0x0000000084c00000, 0x0000000084c00000, 0x0000000084d00000|  0%| F|  |TAMS 0x0000000084c00000, 0x0000000084c00000| Untracked 
|   9|0x0000000084d00000, 0x0000000084d00000, 0x0000000084e00000|  0%| F|  |TAMS 0x0000000084d00000, 0x0000000084d00000| Untracked 
|  10|0x0000000084e00000, 0x0000000084e00000, 0x0000000084f00000|  0%| F|  |TAMS 0x0000000084e00000, 0x0000000084e00000| Untracked 
|  11|0x0000000084f00000, 0x0000000084f00000, 0x0000000085000000|  0%| F|  |TAMS 0x0000000084f00000, 0x0000000084f00000| Untracked 
|  12|0x0000000085000000, 0x0000000085000000, 0x0000000085100000|  0%| F|  |TAMS 0x0000000085000000, 0x0000000085000000| Untracked 
|  13|0x0000000085100000, 0x0000000085100000, 0x0000000085200000|  0%| F|  |TAMS 0x0000000085100000, 0x0000000085100000| Untracked 
|  14|0x0000000085200000, 0x0000000085200000, 0x0000000085300000|  0%| F|  |TAMS 0x0000000085200000, 0x0000000085200000| Untracked 
|  15|0x0000000085300000, 0x0000000085300000, 0x0000000085400000|  0%| F|  |TAMS 0x0000000085300000, 0x0000000085300000| Untracked 
|  16|0x0000000085400000, 0x0000000085400000, 0x0000000085500000|  0%| F|  |TAMS 0x0000000085400000, 0x0000000085400000| Untracked 
|  17|0x0000000085500000, 0x0000000085500000, 0x0000000085600000|  0%| F|  |TAMS 0x0000000085500000, 0x0000000085500000| Untracked 
|  18|0x0000000085600000, 0x0000000085600000, 0x0000000085700000|  0%| F|  |TAMS 0x0000000085600000, 0x0000000085600000| Untracked 
|  19|0x0000000085700000, 0x0000000085700000, 0x0000000085800000|  0%| F|  |TAMS 0x0000000085700000, 0x0000000085700000| Untracked 
|  20|0x0000000085800000, 0x0000000085800000, 0x0000000085900000|  0%| F|  |TAMS 0x0000000085800000, 0x0000000085800000| Untracked 
|  21|0x0000000085900000, 0x0000000085900000, 0x0000000085a00000|  0%| F|  |TAMS 0x0000000085900000, 0x0000000085900000| Untracked 
|  22|0x0000000085a00000, 0x0000000085a00000, 0x0000000085b00000|  0%| F|  |TAMS 0x0000000085a00000, 0x0000000085a00000| Untracked 
|  23|0x0000000085b00000, 0x0000000085b00000, 0x0000000085c00000|  0%| F|  |TAMS 0x0000000085b00000, 0x0000000085b00000| Untracked 
|  24|0x0000000085c00000, 0x0000000085c00000, 0x0000000085d00000|  0%| F|  |TAMS 0x0000000085c00000, 0x0000000085c00000| Untracked 
|  25|0x0000000085d00000, 0x0000000085d00000, 0x0000000085e00000|  0%| F|  |TAMS 0x0000000085d00000, 0x0000000085d00000| Untracked 
|  26|0x0000000085e00000, 0x0000000085e00000, 0x0000000085f00000|  0%| F|  |TAMS 0x0000000085e00000, 0x0000000085e00000| Untracked 
|  27|0x0000000085f00000, 0x0000000085f00000, 0x0000000086000000|  0%| F|  |TAMS 0x0000000085f00000, 0x0000000085f00000| Untracked 
|  28|0x0000000086000000, 0x0000000086000000, 0x0000000086100000|  0%| F|  |TAMS 0x0000000086000000, 0x0000000086000000| Untracked 
|  29|0x0000000086100000, 0x0000000086100000, 0x0000000086200000|  0%| F|  |TAMS 0x0000000086100000, 0x0000000086100000| Untracked 
|  30|0x0000000086200000, 0x0000000086200000, 0x0000000086300000|  0%| F|  |TAMS 0x0000000086200000, 0x0000000086200000| Untracked 
|  31|0x0000000086300000, 0x0000000086300000, 0x0000000086400000|  0%| F|  |TAMS 0x0000000086300000, 0x0000000086300000| Untracked 
|  32|0x0000000086400000, 0x0000000086400000, 0x0000000086500000|  0%| F|  |TAMS 0x0000000086400000, 0x0000000086400000| Untracked 
|  33|0x0000000086500000, 0x0000000086500000, 0x0000000086600000|  0%| F|  |TAMS 0x0000000086500000, 0x0000000086500000| Untracked 
|  34|0x0000000086600000, 0x0000000086600000, 0x0000000086700000|  0%| F|  |TAMS 0x0000000086600000, 0x0000000086600000| Untracked 
|  35|0x0000000086700000, 0x0000000086700000, 0x0000000086800000|  0%| F|  |TAMS 0x0000000086700000, 0x0000000086700000| Untracked 
|  36|0x0000000086800000, 0x0000000086800000, 0x0000000086900000|  0%| F|  |TAMS 0x0000000086800000, 0x0000000086800000| Untracked 
|  37|0x0000000086900000, 0x0000000086900000, 0x0000000086a00000|  0%| F|  |TAMS 0x0000000086900000, 0x0000000086900000| Untracked 
|  38|0x0000000086a00000, 0x0000000086a00000, 0x0000000086b00000|  0%| F|  |TAMS 0x0000000086a00000, 0x0000000086a00000| Untracked 
|  39|0x0000000086b00000, 0x0000000086b00000, 0x0000000086c00000|  0%| F|  |TAMS 0x0000000086b00000, 0x0000000086b00000| Untracked 
|  40|0x0000000086c00000, 0x0000000086c00000, 0x0000000086d00000|  0%| F|  |TAMS 0x0000000086c00000, 0x0000000086c00000| Untracked 
|  41|0x0000000086d00000, 0x0000000086d00000, 0x0000000086e00000|  0%| F|  |TAMS 0x0000000086d00000, 0x0000000086d00000| Untracked 
|  42|0x0000000086e00000, 0x0000000086e00000, 0x0000000086f00000|  0%| F|  |TAMS 0x0000000086e00000, 0x0000000086e00000| Untracked 
|  43|0x0000000086f00000, 0x0000000086f00000, 0x0000000087000000|  0%| F|  |TAMS 0x0000000086f00000, 0x0000000086f00000| Untracked 
|  44|0x0000000087000000, 0x0000000087000000, 0x0000000087100000|  0%| F|  |TAMS 0x0000000087000000, 0x0000000087000000| Untracked 
|  45|0x0000000087100000, 0x0000000087100000, 0x0000000087200000|  0%| F|  |TAMS 0x0000000087100000, 0x0000000087100000| Untracked 
|  46|0x0000000087200000, 0x0000000087200000, 0x0000000087300000|  0%| F|  |TAMS 0x0000000087200000, 0x0000000087200000| Untracked 
|  47|0x0000000087300000, 0x0000000087300000, 0x0000000087400000|  0%| F|  |TAMS 0x0000000087300000, 0x0000000087300000| Untracked 
|  48|0x0000000087400000, 0x0000000087400000, 0x0000000087500000|  0%| F|  |TAMS 0x0000000087400000, 0x0000000087400000| Untracked 
|  49|0x0000000087500000, 0x0000000087500000, 0x0000000087600000|  0%| F|  |TAMS 0x0000000087500000, 0x0000000087500000| Untracked 
|  50|0x0000000087600000, 0x0000000087600000, 0x0000000087700000|  0%| F|  |TAMS 0x0000000087600000, 0x0000000087600000| Untracked 
|  51|0x0000000087700000, 0x0000000087700000, 0x0000000087800000|  0%| F|  |TAMS 0x0000000087700000, 0x0000000087700000| Untracked 
|  52|0x0000000087800000, 0x0000000087800000, 0x0000000087900000|  0%| F|  |TAMS 0x0000000087800000, 0x0000000087800000| Untracked 
|  53|0x0000000087900000, 0x0000000087900000, 0x0000000087a00000|  0%| F|  |TAMS 0x0000000087900000, 0x0000000087900000| Untracked 
|  54|0x0000000087a00000, 0x0000000087a00000, 0x0000000087b00000|  0%| F|  |TAMS 0x0000000087a00000, 0x0000000087a00000| Untracked 
|  55|0x0000000087b00000, 0x0000000087b00000, 0x0000000087c00000|  0%| F|  |TAMS 0x0000000087b00000, 0x0000000087b00000| Untracked 
|  56|0x0000000087c00000, 0x0000000087c00000, 0x0000000087d00000|  0%| F|  |TAMS 0x0000000087c00000, 0x0000000087c00000| Untracked 
|  57|0x0000000087d00000, 0x0000000087d00000, 0x0000000087e00000|  0%| F|  |TAMS 0x0000000087d00000, 0x0000000087d00000| Untracked 
|  58|0x0000000087e00000, 0x0000000087e00000, 0x0000000087f00000|  0%| F|  |TAMS 0x0000000087e00000, 0x0000000087e00000| Untracked 
|  59|0x0000000087f00000, 0x0000000087f00000, 0x0000000088000000|  0%| F|  |TAMS 0x0000000087f00000, 0x0000000087f00000| Untracked 
|  60|0x0000000088000000, 0x0000000088000000, 0x0000000088100000|  0%| F|  |TAMS 0x0000000088000000, 0x0000000088000000| Untracked 
|  61|0x0000000088100000, 0x0000000088100000, 0x0000000088200000|  0%| F|  |TAMS 0x0000000088100000, 0x0000000088100000| Untracked 
|  62|0x0000000088200000, 0x0000000088200000, 0x0000000088300000|  0%| F|  |TAMS 0x0000000088200000, 0x0000000088200000| Untracked 
|  63|0x0000000088300000, 0x0000000088300000, 0x0000000088400000|  0%| F|  |TAMS 0x0000000088300000, 0x0000000088300000| Untracked 
|  64|0x0000000088400000, 0x0000000088400000, 0x0000000088500000|  0%| F|  |TAMS 0x0000000088400000, 0x0000000088400000| Untracked 
|  65|0x0000000088500000, 0x0000000088500000, 0x0000000088600000|  0%| F|  |TAMS 0x0000000088500000, 0x0000000088500000| Untracked 
|  66|0x0000000088600000, 0x0000000088600000, 0x0000000088700000|  0%| F|  |TAMS 0x0000000088600000, 0x0000000088600000| Untracked 
|  67|0x0000000088700000, 0x0000000088700000, 0x0000000088800000|  0%| F|  |TAMS 0x0000000088700000, 0x0000000088700000| Untracked 
|  68|0x0000000088800000, 0x0000000088800000, 0x0000000088900000|  0%| F|  |TAMS 0x0000000088800000, 0x0000000088800000| Untracked 
|  69|0x0000000088900000, 0x0000000088900000, 0x0000000088a00000|  0%| F|  |TAMS 0x0000000088900000, 0x0000000088900000| Untracked 
|  70|0x0000000088a00000, 0x0000000088a00000, 0x0000000088b00000|  0%| F|  |TAMS 0x0000000088a00000, 0x0000000088a00000| Untracked 
|  71|0x0000000088b00000, 0x0000000088b00000, 0x0000000088c00000|  0%| F|  |TAMS 0x0000000088b00000, 0x0000000088b00000| Untracked 
|  72|0x0000000088c00000, 0x0000000088c00000, 0x0000000088d00000|  0%| F|  |TAMS 0x0000000088c00000, 0x0000000088c00000| Untracked 
|  73|0x0000000088d00000, 0x0000000088d00000, 0x0000000088e00000|  0%| F|  |TAMS 0x0000000088d00000, 0x0000000088d00000| Untracked 
|  74|0x0000000088e00000, 0x0000000088e00000, 0x0000000088f00000|  0%| F|  |TAMS 0x0000000088e00000, 0x0000000088e00000| Untracked 
|  75|0x0000000088f00000, 0x0000000088f00000, 0x0000000089000000|  0%| F|  |TAMS 0x0000000088f00000, 0x0000000088f00000| Untracked 
|  76|0x0000000089000000, 0x0000000089000000, 0x0000000089100000|  0%| F|  |TAMS 0x0000000089000000, 0x0000000089000000| Untracked 
|  77|0x0000000089100000, 0x0000000089100000, 0x0000000089200000|  0%| F|  |TAMS 0x0000000089100000, 0x0000000089100000| Untracked 
|  78|0x0000000089200000, 0x0000000089200000, 0x0000000089300000|  0%| F|  |TAMS 0x0000000089200000, 0x0000000089200000| Untracked 
|  79|0x0000000089300000, 0x0000000089300000, 0x0000000089400000|  0%| F|  |TAMS 0x0000000089300000, 0x0000000089300000| Untracked 
|  80|0x0000000089400000, 0x0000000089400000, 0x0000000089500000|  0%| F|  |TAMS 0x0000000089400000, 0x0000000089400000| Untracked 
|  81|0x0000000089500000, 0x0000000089500000, 0x0000000089600000|  0%| F|  |TAMS 0x0000000089500000, 0x0000000089500000| Untracked 
|  82|0x0000000089600000, 0x0000000089600000, 0x0000000089700000|  0%| F|  |TAMS 0x0000000089600000, 0x0000000089600000| Untracked 
|  83|0x0000000089700000, 0x0000000089700000, 0x0000000089800000|  0%| F|  |TAMS 0x0000000089700000, 0x0000000089700000| Untracked 
|  84|0x0000000089800000, 0x0000000089800000, 0x0000000089900000|  0%| F|  |TAMS 0x0000000089800000, 0x0000000089800000| Untracked 
|  85|0x0000000089900000, 0x0000000089900000, 0x0000000089a00000|  0%| F|  |TAMS 0x0000000089900000, 0x0000000089900000| Untracked 
|  86|0x0000000089a00000, 0x0000000089a00000, 0x0000000089b00000|  0%| F|  |TAMS 0x0000000089a00000, 0x0000000089a00000| Untracked 
|  87|0x0000000089b00000, 0x0000000089b00000, 0x0000000089c00000|  0%| F|  |TAMS 0x0000000089b00000, 0x0000000089b00000| Untracked 
|  88|0x0000000089c00000, 0x0000000089c00000, 0x0000000089d00000|  0%| F|  |TAMS 0x0000000089c00000, 0x0000000089c00000| Untracked 
|  89|0x0000000089d00000, 0x0000000089d00000, 0x0000000089e00000|  0%| F|  |TAMS 0x0000000089d00000, 0x0000000089d00000| Untracked 
|  90|0x0000000089e00000, 0x0000000089e00000, 0x0000000089f00000|  0%| F|  |TAMS 0x0000000089e00000, 0x0000000089e00000| Untracked 
|  91|0x0000000089f00000, 0x0000000089f00000, 0x000000008a000000|  0%| F|  |TAMS 0x0000000089f00000, 0x0000000089f00000| Untracked 
|  92|0x000000008a000000, 0x000000008a000000, 0x000000008a100000|  0%| F|  |TAMS 0x000000008a000000, 0x000000008a000000| Untracked 
|  93|0x000000008a100000, 0x000000008a100000, 0x000000008a200000|  0%| F|  |TAMS 0x000000008a100000, 0x000000008a100000| Untracked 
|  94|0x000000008a200000, 0x000000008a200000, 0x000000008a300000|  0%| F|  |TAMS 0x000000008a200000, 0x000000008a200000| Untracked 
|  95|0x000000008a300000, 0x000000008a300000, 0x000000008a400000|  0%| F|  |TAMS 0x000000008a300000, 0x000000008a300000| Untracked 
|  96|0x000000008a400000, 0x000000008a400000, 0x000000008a500000|  0%| F|  |TAMS 0x000000008a400000, 0x000000008a400000| Untracked 
|  97|0x000000008a500000, 0x000000008a500000, 0x000000008a600000|  0%| F|  |TAMS 0x000000008a500000, 0x000000008a500000| Untracked 
|  98|0x000000008a600000, 0x000000008a600000, 0x000000008a700000|  0%| F|  |TAMS 0x000000008a600000, 0x000000008a600000| Untracked 
|  99|0x000000008a700000, 0x000000008a700000, 0x000000008a800000|  0%| F|  |TAMS 0x000000008a700000, 0x000000008a700000| Untracked 
| 100|0x000000008a800000, 0x000000008a800000, 0x000000008a900000|  0%| F|  |TAMS 0x000000008a800000, 0x000000008a800000| Untracked 
| 101|0x000000008a900000, 0x000000008a900000, 0x000000008aa00000|  0%| F|  |TAMS 0x000000008a900000, 0x000000008a900000| Untracked 
| 102|0x000000008aa00000, 0x000000008aa00000, 0x000000008ab00000|  0%| F|  |TAMS 0x000000008aa00000, 0x000000008aa00000| Untracked 
| 103|0x000000008ab00000, 0x000000008ab00000, 0x000000008ac00000|  0%| F|  |TAMS 0x000000008ab00000, 0x000000008ab00000| Untracked 
| 104|0x000000008ac00000, 0x000000008ac00000, 0x000000008ad00000|  0%| F|  |TAMS 0x000000008ac00000, 0x000000008ac00000| Untracked 
| 105|0x000000008ad00000, 0x000000008ad00000, 0x000000008ae00000|  0%| F|  |TAMS 0x000000008ad00000, 0x000000008ad00000| Untracked 
| 106|0x000000008ae00000, 0x000000008ae00000, 0x000000008af00000|  0%| F|  |TAMS 0x000000008ae00000, 0x000000008ae00000| Untracked 
| 107|0x000000008af00000, 0x000000008af00000, 0x000000008b000000|  0%| F|  |TAMS 0x000000008af00000, 0x000000008af00000| Untracked 
| 108|0x000000008b000000, 0x000000008b000000, 0x000000008b100000|  0%| F|  |TAMS 0x000000008b000000, 0x000000008b000000| Untracked 
| 109|0x000000008b100000, 0x000000008b100000, 0x000000008b200000|  0%| F|  |TAMS 0x000000008b100000, 0x000000008b100000| Untracked 
| 110|0x000000008b200000, 0x000000008b200000, 0x000000008b300000|  0%| F|  |TAMS 0x000000008b200000, 0x000000008b200000| Untracked 
| 111|0x000000008b300000, 0x000000008b300000, 0x000000008b400000|  0%| F|  |TAMS 0x000000008b300000, 0x000000008b300000| Untracked 
| 112|0x000000008b400000, 0x000000008b400000, 0x000000008b500000|  0%| F|  |TAMS 0x000000008b400000, 0x000000008b400000| Untracked 
| 113|0x000000008b500000, 0x000000008b5ec088, 0x000000008b600000| 92%| E|  |TAMS 0x000000008b500000, 0x000000008b500000| Complete 
| 114|0x000000008b600000, 0x000000008b700000, 0x000000008b700000|100%| E|CS|TAMS 0x000000008b600000, 0x000000008b600000| Complete 
| 115|0x000000008b700000, 0x000000008b800000, 0x000000008b800000|100%| E|CS|TAMS 0x000000008b700000, 0x000000008b700000| Complete 
| 116|0x000000008b800000, 0x000000008b900000, 0x000000008b900000|100%| E|CS|TAMS 0x000000008b800000, 0x000000008b800000| Complete 
| 117|0x000000008b900000, 0x000000008ba00000, 0x000000008ba00000|100%| E|CS|TAMS 0x000000008b900000, 0x000000008b900000| Complete 
| 118|0x000000008ba00000, 0x000000008bb00000, 0x000000008bb00000|100%| E|CS|TAMS 0x000000008ba00000, 0x000000008ba00000| Complete 
| 119|0x000000008bb00000, 0x000000008bc00000, 0x000000008bc00000|100%| E|CS|TAMS 0x000000008bb00000, 0x000000008bb00000| Complete 
| 120|0x000000008bc00000, 0x000000008bd00000, 0x000000008bd00000|100%| E|CS|TAMS 0x000000008bc00000, 0x000000008bc00000| Complete 
| 121|0x000000008bd00000, 0x000000008be00000, 0x000000008be00000|100%| E|CS|TAMS 0x000000008bd00000, 0x000000008bd00000| Complete 
| 122|0x000000008be00000, 0x000000008bf00000, 0x000000008bf00000|100%| E|CS|TAMS 0x000000008be00000, 0x000000008be00000| Complete 
| 123|0x000000008bf00000, 0x000000008c000000, 0x000000008c000000|100%| E|CS|TAMS 0x000000008bf00000, 0x000000008bf00000| Complete 

Card table byte_map: [0x0000022c7dae0000,0x0000022c7dec0000] _byte_map_base: 0x0000022c7d6be000

Marking Bits (Prev, Next): (CMBitMap*) 0x0000022c79d663b0, (CMBitMap*) 0x0000022c79d663f0
 Prev Bits: [0x0000022c0f000000, 0x0000022c10ef0000)
 Next Bits: [0x0000022c10ef0000, 0x0000022c12de0000)

Polling page: 0x0000022c77cd0000

Metaspace:

Usage:
  Non-class:     14.74 MB used.
      Class:      1.72 MB used.
       Both:     16.46 MB used.

Virtual space:
  Non-class space:       16.00 MB reserved,      14.81 MB ( 93%) committed,  2 nodes.
      Class space:        1.00 GB reserved,       1.81 MB ( <1%) committed,  1 nodes.
             Both:        1.02 GB reserved,      16.62 MB (  2%) committed. 

Chunk freelists:
   Non-Class:  972.00 KB
       Class:  2.21 MB
        Both:  3.16 MB

MaxMetaspaceSize: unlimited
CompressedClassSpaceSize: 1.00 GB
Initial GC threshold: 21.00 MB
Current GC threshold: 21.00 MB
CDS: off
MetaspaceReclaimPolicy: balanced
 - commit_granule_bytes: 65536.
 - commit_granule_words: 8192.
 - virtual_space_node_default_size: 1048576.
 - enlarge_chunks_in_place: 1.
 - new_chunks_are_fully_committed: 0.
 - uncommit_free_chunks: 1.
 - use_allocation_guard: 0.
 - handle_deallocations: 1.


Internal statistics:

num_allocs_failed_limit: 0.
num_arena_births: 110.
num_arena_deaths: 0.
num_vsnodes_births: 3.
num_vsnodes_deaths: 0.
num_space_committed: 266.
num_space_uncommitted: 0.
num_chunks_returned_to_freelist: 0.
num_chunks_taken_from_freelist: 202.
num_chunk_merges: 0.
num_chunk_splits: 113.
num_chunks_enlarged: 61.
num_purges: 0.
num_inconsistent_stats: 0.

CodeHeap 'non-profiled nmethods': size=120000Kb used=263Kb max_used=263Kb free=119737Kb
 bounds [0x0000022c07ad0000, 0x0000022c07d40000, 0x0000022c0f000000]
CodeHeap 'profiled nmethods': size=120000Kb used=1382Kb max_used=1382Kb free=118617Kb
 bounds [0x0000022c005a0000, 0x0000022c00810000, 0x0000022c07ad0000]
CodeHeap 'non-nmethods': size=5760Kb used=1291Kb max_used=1301Kb free=4469Kb
 bounds [0x0000022c00000000, 0x0000022c00270000, 0x0000022c005a0000]
 total_blobs=1513 nmethods=907 adapters=519
 compilation: enabled
              stopped_count=0, restarted_count=0
 full_count=0

Compilation events (20 events):
Event: 0.376 Thread 0x0000022c7f8145d0 nmethod 877 0x0000022c006ee290 code [0x0000022c006ee560, 0x0000022c006ef6d8]
Event: 0.376 Thread 0x0000022c7f8145d0  880       3       sun.util.locale.BaseLocale$Key::equals (109 bytes)
Event: 0.376 Thread 0x0000022c7f8145d0 nmethod 880 0x0000022c006efc90 code [0x0000022c006eff00, 0x0000022c006f0bd8]
Event: 0.377 Thread 0x0000022c7f8145d0  882       3       java.util.Locale::hasExtensions (13 bytes)
Event: 0.377 Thread 0x0000022c7f8145d0 nmethod 882 0x0000022c006f0e90 code [0x0000022c006f1020, 0x0000022c006f1198]
Event: 0.377 Thread 0x0000022c7f8145d0  884       3       sun.util.locale.BaseLocale::equals (71 bytes)
Event: 0.377 Thread 0x0000022c7f8145d0 nmethod 884 0x0000022c006f1210 code [0x0000022c006f13e0, 0x0000022c006f18b8]
Event: 0.377 Thread 0x0000022c7f8145d0  883       3       java.util.Locale::stripExtensions (20 bytes)
Event: 0.377 Thread 0x0000022c7f8145d0 nmethod 883 0x0000022c006f1990 code [0x0000022c006f1b40, 0x0000022c006f1dc8]
Event: 0.379 Thread 0x0000022c7f8145d0  886       3       java.lang.AbstractStringBuilder::append (77 bytes)
Event: 0.379 Thread 0x0000022c7f8145d0 nmethod 886 0x0000022c006f1e90 code [0x0000022c006f20a0, 0x0000022c006f2728]
Event: 0.379 Thread 0x0000022c15118190  885       4       sun.util.locale.BaseLocale::getInstance (149 bytes)
Event: 0.380 Thread 0x0000022c7f8145d0  887       1       javax.swing.text.GapVector::getGapStart (5 bytes)
Event: 0.380 Thread 0x0000022c7f8145d0 nmethod 887 0x0000022c07b0ed90 code [0x0000022c07b0ef20, 0x0000022c07b0eff8]
Event: 0.380 Thread 0x0000022c7f8145d0  888       1       javax.swing.text.GapVector::getGapEnd (5 bytes)
Event: 0.380 Thread 0x0000022c7f8145d0 nmethod 888 0x0000022c07b0f090 code [0x0000022c07b0f220, 0x0000022c07b0f2f8]
Event: 0.381 Thread 0x0000022c7f80ade0 nmethod 876 0x0000022c07b0f390 code [0x0000022c07b0f560, 0x0000022c07b0fe78]
Event: 0.381 Thread 0x0000022c7f80ade0  879       4       java.util.concurrent.ConcurrentHashMap::get (162 bytes)
Event: 0.383 Thread 0x0000022c7f80ade0 nmethod 879 0x0000022c07b10290 code [0x0000022c07b10420, 0x0000022c07b106f8]
Event: 0.383 Thread 0x0000022c7f80ade0  881       4       java.util.HashMap::getNode (150 bytes)

GC Heap History (0 events):
No events

Deoptimization events (20 events):
Event: 0.213 Thread 0x0000022c79d28e90 Uncommon trap: trap_request=0xffffff45 fr.pc=0x0000022c07af3910 relative=0x0000000000000450
Event: 0.213 Thread 0x0000022c79d28e90 Uncommon trap: reason=unstable_if action=reinterpret pc=0x0000022c07af3910 method=java.lang.StringLatin1.replace([BCC)Ljava/lang/String; @ 19 c2
Event: 0.213 Thread 0x0000022c79d28e90 DEOPT PACKING pc=0x0000022c07af3910 sp=0x000000f3937fe210
Event: 0.213 Thread 0x0000022c79d28e90 DEOPT UNPACKING pc=0x0000022c00055c23 sp=0x000000f3937fe190 mode 2
Event: 0.297 Thread 0x0000022c79d28e90 Uncommon trap: trap_request=0xffffff45 fr.pc=0x0000022c07af238c relative=0x000000000000018c
Event: 0.297 Thread 0x0000022c79d28e90 Uncommon trap: reason=unstable_if action=reinterpret pc=0x0000022c07af238c method=java.lang.String.equals(Ljava/lang/Object;)Z @ 33 c2
Event: 0.297 Thread 0x0000022c79d28e90 DEOPT PACKING pc=0x0000022c07af238c sp=0x000000f3937ff480
Event: 0.297 Thread 0x0000022c79d28e90 DEOPT UNPACKING pc=0x0000022c00055c23 sp=0x000000f3937ff420 mode 2
Event: 0.362 Thread 0x0000022c79d28e90 Uncommon trap: trap_request=0xffffff45 fr.pc=0x0000022c07ad71dc relative=0x000000000000043c
Event: 0.362 Thread 0x0000022c79d28e90 Uncommon trap: reason=unstable_if action=reinterpret pc=0x0000022c07ad71dc method=java.lang.StringLatin1.canEncode(I)Z @ 4 c2
Event: 0.362 Thread 0x0000022c79d28e90 DEOPT PACKING pc=0x0000022c07ad71dc sp=0x000000f3937fef20
Event: 0.362 Thread 0x0000022c79d28e90 DEOPT UNPACKING pc=0x0000022c00055c23 sp=0x000000f3937fee48 mode 2
Event: 0.362 Thread 0x0000022c79d28e90 Uncommon trap: trap_request=0xffffff45 fr.pc=0x0000022c07ad7f44 relative=0x0000000000000424
Event: 0.362 Thread 0x0000022c79d28e90 Uncommon trap: reason=unstable_if action=reinterpret pc=0x0000022c07ad7f44 method=java.lang.AbstractStringBuilder.isLatin1()Z @ 10 c2
Event: 0.362 Thread 0x0000022c79d28e90 DEOPT PACKING pc=0x0000022c07ad7f44 sp=0x000000f3937fef40
Event: 0.362 Thread 0x0000022c79d28e90 DEOPT UNPACKING pc=0x0000022c00055c23 sp=0x000000f3937feec0 mode 2
Event: 0.362 Thread 0x0000022c79d28e90 Uncommon trap: trap_request=0xffffff45 fr.pc=0x0000022c07ad50b8 relative=0x0000000000000038
Event: 0.362 Thread 0x0000022c79d28e90 Uncommon trap: reason=unstable_if action=reinterpret pc=0x0000022c07ad50b8 method=java.lang.StringLatin1.canEncode(I)Z @ 4 c2
Event: 0.362 Thread 0x0000022c79d28e90 DEOPT PACKING pc=0x0000022c07ad50b8 sp=0x000000f3937fee50
Event: 0.362 Thread 0x0000022c79d28e90 DEOPT UNPACKING pc=0x0000022c00055c23 sp=0x000000f3937fede0 mode 2

Classes unloaded (0 events):
No events

Classes redefined (0 events):
No events

Internal exceptions (12 events):
Event: 0.119 Thread 0x0000022c79d28e90 Exception <a 'java/lang/ClassNotFoundException'{0x000000008bd83ce8}: sun/awt/resources/spi/awtProvider> (0x000000008bd83ce8) 
thrown [e:\jenkins\tmp\workspace\build\src\src\hotspot\share\classfile\systemDictionary.cpp, line 256]
Event: 0.133 Thread 0x0000022c79d28e90 Exception <a 'java/io/FileNotFoundException'{0x000000008bdde280}> (0x000000008bdde280) 
thrown [e:\jenkins\tmp\workspace\build\src\src\hotspot\share\prims\jni.cpp, line 516]
Event: 0.138 Thread 0x0000022c79d28e90 Exception <a 'java/io/FileNotFoundException'{0x000000008bc0bc20}> (0x000000008bc0bc20) 
thrown [e:\jenkins\tmp\workspace\build\src\src\hotspot\share\prims\jni.cpp, line 516]
Event: 0.164 Thread 0x0000022c79d28e90 Exception <a 'java/lang/NoSuchMethodError'{0x000000008bc5ca18}: 'java.lang.Object java.lang.invoke.DirectMethodHandle$Holder.invokeStaticInit(java.lang.Object)'> (0x000000008bc5ca18) 
thrown [e:\jenkins\tmp\workspace\build\src\src\hotspot\share\interpreter\linkResolver.cpp, line 766]
Event: 0.185 Thread 0x0000022c79d28e90 Exception <a 'java/lang/NoSuchMethodError'{0x000000008bb1cca8}: 'void java.lang.invoke.DirectMethodHandle$Holder.invokeSpecial(java.lang.Object, java.lang.Object, java.lang.Object)'> (0x000000008bb1cca8) 
thrown [e:\jenkins\tmp\workspace\build\src\src\hotspot\share\interpreter\linkResolver.cpp, line 766]
Event: 0.190 Thread 0x0000022c79d28e90 Exception <a 'java/lang/NoSuchMethodError'{0x000000008bb46d40}: 'java.lang.Object java.lang.invoke.DirectMethodHandle$Holder.newInvokeSpecial(java.lang.Object, java.lang.Object, java.lang.Object, java.lang.Object, java.lang.Object)'> (0x000000008bb46d40) 
thrown [e:\jenkins\tmp\workspace\build\src\src\hotspot\share\interpreter\linkResolver.cpp, line 766]
Event: 0.191 Thread 0x0000022c79d28e90 Exception <a 'java/lang/NoSuchMethodError'{0x000000008bb52708}: 'java.lang.Object java.lang.invoke.DirectMethodHandle$Holder.invokeStatic(java.lang.Object, int, java.lang.Object, java.lang.Object, java.lang.Object, java.lang.Object)'> (0x000000008bb52708) 
thrown [e:\jenkins\tmp\workspace\build\src\src\hotspot\share\interpreter\linkResolver.cpp, line 766]
Event: 0.193 Thread 0x0000022c79d28e90 Exception <a 'java/lang/NoSuchMethodError'{0x000000008bb781a8}: 'java.lang.Object java.lang.invoke.DirectMethodHandle$Holder.invokeStatic(java.lang.Object, int, java.lang.Object)'> (0x000000008bb781a8) 
thrown [e:\jenkins\tmp\workspace\build\src\src\hotspot\share\interpreter\linkResolver.cpp, line 766]
Event: 0.205 Thread 0x0000022c79d28e90 Exception <a 'java/lang/ClassNotFoundException'{0x000000008ba30448}: com/sun/swing/internal/plaf/metal/resources/spi/metalProvider> (0x000000008ba30448) 
thrown [e:\jenkins\tmp\workspace\build\src\src\hotspot\share\classfile\systemDictionary.cpp, line 256]
Event: 0.205 Thread 0x0000022c79d28e90 Exception <a 'java/lang/ClassNotFoundException'{0x000000008ba34250}: com/sun/swing/internal/plaf/basic/resources/spi/basicProvider> (0x000000008ba34250) 
thrown [e:\jenkins\tmp\workspace\build\src\src\hotspot\share\classfile\systemDictionary.cpp, line 256]
Event: 0.253 Thread 0x0000022c15024b20 Exception <a 'java/lang/NoSuchMethodError'{0x000000008bc86798}: 'void java.lang.invoke.DirectMethodHandle$Holder.invokeVirtual(java.lang.Object, java.lang.Object)'> (0x000000008bc86798) 
thrown [e:\jenkins\tmp\workspace\build\src\src\hotspot\share\interpreter\linkResolver.cpp, line 766]
Event: 0.262 Thread 0x0000022c79d28e90 Exception <a 'java/lang/NoSuchMethodError'{0x000000008b841418}: 'void java.lang.invoke.DirectMethodHandle$Holder.invokeStaticInit(java.lang.Object)'> (0x000000008b841418) 
thrown [e:\jenkins\tmp\workspace\build\src\src\hotspot\share\interpreter\linkResolver.cpp, line 766]

VM Operations (10 events):
Event: 0.086 Executing VM operation: HandshakeAllThreads
Event: 0.086 Executing VM operation: HandshakeAllThreads done
Event: 0.211 Executing VM operation: HandshakeAllThreads
Event: 0.211 Executing VM operation: HandshakeAllThreads done
Event: 0.213 Executing VM operation: HandshakeAllThreads
Event: 0.213 Executing VM operation: HandshakeAllThreads done
Event: 0.274 Executing VM operation: HandshakeAllThreads
Event: 0.274 Executing VM operation: HandshakeAllThreads done
Event: 0.297 Executing VM operation: HandshakeAllThreads
Event: 0.297 Executing VM operation: HandshakeAllThreads done

Events (20 events):
Event: 0.382 loading class java/nio/channels/FileChannel
Event: 0.382 loading class java/nio/channels/SeekableByteChannel
Event: 0.382 loading class java/nio/channels/ByteChannel
Event: 0.382 loading class java/nio/channels/ByteChannel done
Event: 0.382 loading class java/nio/channels/SeekableByteChannel done
Event: 0.382 loading class java/nio/channels/GatheringByteChannel
Event: 0.382 loading class java/nio/channels/GatheringByteChannel done
Event: 0.382 loading class java/nio/channels/ScatteringByteChannel
Event: 0.382 loading class java/nio/channels/ScatteringByteChannel done
Event: 0.382 loading class java/nio/channels/spi/AbstractInterruptibleChannel
Event: 0.382 loading class java/nio/channels/InterruptibleChannel
Event: 0.382 loading class java/nio/channels/InterruptibleChannel done
Event: 0.382 loading class java/nio/channels/spi/AbstractInterruptibleChannel done
Event: 0.382 loading class java/nio/channels/FileChannel done
Event: 0.382 loading class sun/nio/ch/FileChannelImpl done
Event: 0.382 loading class java/nio/file/attribute/FileAttribute
Event: 0.382 loading class java/nio/file/attribute/FileAttribute done
Event: 0.383 loading class sun/nio/ch/IOUtil
Event: 0.383 loading class sun/nio/ch/IOUtil done
Event: 0.383 loading class sun/nio/ch/NativeThreadSet


Dynamic libraries:
0x00007ff613fe0000 - 0x00007ff613fee000 	C:\Users\ANTi\.p2\pool\plugins\org.eclipse.justj.openjdk.hotspot.jre.full.win32.x86_64_17.0.0.v20211012-1059\jre\bin\javaw.exe
0x00007ffa34be0000 - 0x00007ffa34de9000 	C:\WINDOWS\SYSTEM32\ntdll.dll
0x00007ffa34780000 - 0x00007ffa3483d000 	C:\WINDOWS\System32\KERNEL32.DLL
0x00007ffa32350000 - 0x00007ffa326c4000 	C:\WINDOWS\System32\KERNELBASE.dll
0x00007ffa320d0000 - 0x00007ffa321e1000 	C:\WINDOWS\System32\ucrtbase.dll
0x00007ffa24380000 - 0x00007ffa24398000 	C:\Users\ANTi\.p2\pool\plugins\org.eclipse.justj.openjdk.hotspot.jre.full.win32.x86_64_17.0.0.v20211012-1059\jre\bin\jli.dll
0x00007ffa1c170000 - 0x00007ffa1c189000 	C:\Users\ANTi\.p2\pool\plugins\org.eclipse.justj.openjdk.hotspot.jre.full.win32.x86_64_17.0.0.v20211012-1059\jre\bin\VCRUNTIME140.dll
0x00007ffa34270000 - 0x00007ffa3441c000 	C:\WINDOWS\System32\USER32.dll
0x00007ffa321f0000 - 0x00007ffa32216000 	C:\WINDOWS\System32\win32u.dll
0x00007ffa1c710000 - 0x00007ffa1c9b5000 	C:\WINDOWS\WinSxS\amd64_microsoft.windows.common-controls_6595b64144ccf1df_6.0.22000.120_none_9d947278b86cc467\COMCTL32.dll
0x00007ffa34750000 - 0x00007ffa34779000 	C:\WINDOWS\System32\GDI32.dll
0x00007ffa336f0000 - 0x00007ffa33793000 	C:\WINDOWS\System32\msvcrt.dll
0x00007ffa32770000 - 0x00007ffa32882000 	C:\WINDOWS\System32\gdi32full.dll
0x00007ffa326d0000 - 0x00007ffa3276d000 	C:\WINDOWS\System32\msvcp_win.dll
0x00007ffa349e0000 - 0x00007ffa34a11000 	C:\WINDOWS\System32\IMM32.DLL
0x00007ffa24370000 - 0x00007ffa2437c000 	C:\Users\ANTi\.p2\pool\plugins\org.eclipse.justj.openjdk.hotspot.jre.full.win32.x86_64_17.0.0.v20211012-1059\jre\bin\vcruntime140_1.dll
0x00007ffa1ae30000 - 0x00007ffa1aec1000 	C:\Users\ANTi\.p2\pool\plugins\org.eclipse.justj.openjdk.hotspot.jre.full.win32.x86_64_17.0.0.v20211012-1059\jre\bin\msvcp140.dll
0x00007ff9d7670000 - 0x00007ff9d82b6000 	C:\Users\ANTi\.p2\pool\plugins\org.eclipse.justj.openjdk.hotspot.jre.full.win32.x86_64_17.0.0.v20211012-1059\jre\bin\server\jvm.dll
0x00007ffa34930000 - 0x00007ffa349de000 	C:\WINDOWS\System32\ADVAPI32.dll
0x00007ffa341d0000 - 0x00007ffa3426e000 	C:\WINDOWS\System32\sechost.dll
0x00007ffa34a80000 - 0x00007ffa34ba0000 	C:\WINDOWS\System32\RPCRT4.dll
0x00007ffa34570000 - 0x00007ffa34578000 	C:\WINDOWS\System32\PSAPI.DLL
0x00007ffa244b0000 - 0x00007ffa244b9000 	C:\WINDOWS\SYSTEM32\WSOCK32.dll
0x00007ffa28ce0000 - 0x00007ffa28d13000 	C:\WINDOWS\SYSTEM32\WINMM.dll
0x00007ffa28c70000 - 0x00007ffa28c7a000 	C:\WINDOWS\SYSTEM32\VERSION.dll
0x00007ffa33920000 - 0x00007ffa3398f000 	C:\WINDOWS\System32\WS2_32.dll
0x00007ffa312c0000 - 0x00007ffa312d8000 	C:\WINDOWS\SYSTEM32\kernel.appcore.dll
0x00007ffa244a0000 - 0x00007ffa244aa000 	C:\Users\ANTi\.p2\pool\plugins\org.eclipse.justj.openjdk.hotspot.jre.full.win32.x86_64_17.0.0.v20211012-1059\jre\bin\jimage.dll
0x00007ffa2fb70000 - 0x00007ffa2fd91000 	C:\WINDOWS\SYSTEM32\DBGHELP.DLL
0x00007ffa18000000 - 0x00007ffa18031000 	C:\WINDOWS\SYSTEM32\dbgcore.DLL
0x00007ffa32890000 - 0x00007ffa3290f000 	C:\WINDOWS\System32\bcryptPrimitives.dll
0x00007ffa21e20000 - 0x00007ffa21e45000 	C:\Users\ANTi\.p2\pool\plugins\org.eclipse.justj.openjdk.hotspot.jre.full.win32.x86_64_17.0.0.v20211012-1059\jre\bin\java.dll
0x00007ffa24480000 - 0x00007ffa24498000 	C:\Users\ANTi\.p2\pool\plugins\org.eclipse.justj.openjdk.hotspot.jre.full.win32.x86_64_17.0.0.v20211012-1059\jre\bin\zip.dll
0x00007ffa32aa0000 - 0x00007ffa3324e000 	C:\WINDOWS\System32\SHELL32.dll
0x00007ffa30250000 - 0x00007ffa30ab7000 	C:\WINDOWS\SYSTEM32\windows.storage.dll
0x00007ffa33250000 - 0x00007ffa335c8000 	C:\WINDOWS\System32\combase.dll
0x00007ffa300e0000 - 0x00007ffa30246000 	C:\WINDOWS\SYSTEM32\wintypes.dll
0x00007ffa34840000 - 0x00007ffa3492a000 	C:\WINDOWS\System32\SHCORE.dll
0x00007ffa33fb0000 - 0x00007ffa3400d000 	C:\WINDOWS\System32\shlwapi.dll
0x00007ffa32000000 - 0x00007ffa32021000 	C:\WINDOWS\SYSTEM32\profapi.dll
0x00007ffa21e00000 - 0x00007ffa21e19000 	C:\Users\ANTi\.p2\pool\plugins\org.eclipse.justj.openjdk.hotspot.jre.full.win32.x86_64_17.0.0.v20211012-1059\jre\bin\net.dll
0x00007ffa2afc0000 - 0x00007ffa2b0cc000 	C:\WINDOWS\SYSTEM32\WINHTTP.dll
0x00007ffa316f0000 - 0x00007ffa31757000 	C:\WINDOWS\system32\mswsock.dll
0x00007ffa21de0000 - 0x00007ffa21df5000 	C:\Users\ANTi\.p2\pool\plugins\org.eclipse.justj.openjdk.hotspot.jre.full.win32.x86_64_17.0.0.v20211012-1059\jre\bin\nio.dll
0x00007ff9eba50000 - 0x00007ff9ebbde000 	C:\Users\ANTi\.p2\pool\plugins\org.eclipse.justj.openjdk.hotspot.jre.full.win32.x86_64_17.0.0.v20211012-1059\jre\bin\awt.dll
0x00007ffa34420000 - 0x00007ffa344f6000 	C:\WINDOWS\System32\OLEAUT32.dll
0x00007ffa2b240000 - 0x00007ffa2b2d1000 	C:\WINDOWS\SYSTEM32\apphelp.dll
0x00007ffa2f730000 - 0x00007ffa2f75f000 	C:\WINDOWS\system32\DWMAPI.DLL
0x00007ffa2ef30000 - 0x00007ffa2efdc000 	C:\WINDOWS\system32\uxtheme.dll
0x00007ff9ff3d0000 - 0x00007ff9ff4d1000 	C:\WINDOWS\system32\opengl32.dll
0x00007ffa18140000 - 0x00007ffa1816d000 	C:\WINDOWS\SYSTEM32\GLU32.dll
0x00007ffa2f570000 - 0x00007ffa2f5a8000 	C:\WINDOWS\SYSTEM32\dxcore.dll
0x00007ffa335d0000 - 0x00007ffa336ee000 	C:\WINDOWS\System32\MSCTF.dll
0x00007ffa33e10000 - 0x00007ffa33faa000 	C:\WINDOWS\System32\ole32.dll
0x00007ffa1a030000 - 0x00007ffa1a0b9000 	C:\Users\ANTi\.p2\pool\plugins\org.eclipse.justj.openjdk.hotspot.jre.full.win32.x86_64_17.0.0.v20211012-1059\jre\bin\freetype.dll
0x00007ff9eb9a0000 - 0x00007ff9eba48000 	C:\Users\ANTi\.p2\pool\plugins\org.eclipse.justj.openjdk.hotspot.jre.full.win32.x86_64_17.0.0.v20211012-1059\jre\bin\fontmanager.dll
0x00007ffa19cc0000 - 0x00007ffa19ded000 	C:\WINDOWS\SYSTEM32\textinputframework.dll
0x00007ffa21a60000 - 0x00007ffa21ac9000 	C:\WINDOWS\system32\Oleacc.dll
0x00007ffa1c360000 - 0x00007ffa1c370000 	C:\Users\ANTi\.p2\pool\plugins\org.eclipse.justj.openjdk.hotspot.jre.full.win32.x86_64_17.0.0.v20211012-1059\jre\bin\verify.dll
0x00007ffa2adc0000 - 0x00007ffa2aef2000 	C:\WINDOWS\SYSTEM32\CoreMessaging.dll
0x00007ffa27db0000 - 0x00007ffa2811d000 	C:\WINDOWS\SYSTEM32\CoreUIComponents.dll
0x00007ffa31930000 - 0x00007ffa3193c000 	C:\WINDOWS\SYSTEM32\CRYPTBASE.DLL

dbghelp: loaded successfully - version: 4.0.5 - missing functions: none
symbol engine: initialized successfully - sym options: 0x614 - pdb path: .;C:\Users\ANTi\.p2\pool\plugins\org.eclipse.justj.openjdk.hotspot.jre.full.win32.x86_64_17.0.0.v20211012-1059\jre\bin;C:\WINDOWS\SYSTEM32;C:\WINDOWS\WinSxS\amd64_microsoft.windows.common-controls_6595b64144ccf1df_6.0.22000.120_none_9d947278b86cc467;C:\Users\ANTi\.p2\pool\plugins\org.eclipse.justj.openjdk.hotspot.jre.full.win32.x86_64_17.0.0.v20211012-1059\jre\bin\server

VM Arguments:
jvm_args: -Djava.library.path=E:\ANTi_study\parking-management\HeThongQLBaiDoXe\HeThongQuanLyBaiGuiXeSV\lib\x64 -Dfile.encoding=UTF-8 -XX:+ShowCodeDetailsInExceptionMessages 
java_command: ui.UI_QuanLyXeTrongBai
java_class_path (initial): E:\ANTi_study\parking-management\HeThongQLBaiDoXe\HeThongQuanLyBaiGuiXeSV\bin;E:\ANTi_study\parking-management\HeThongQLBaiDoXe\HeThongQuanLyBaiGuiXeSV\lib\sqljdbc42.jar;E:\ANTi_study\parking-management\HeThongQLBaiDoXe\HeThongQuanLyBaiGuiXeSV\lib\opencv-400.jar;E:\ANTi_study\parking-management\HeThongQLBaiDoXe\HeThongQuanLyBaiGuiXeSV\lib\capture-1.0.3.jar;E:\ANTi_study\parking-management\HeThongQLBaiDoXe\HeThongQuanLyBaiGuiXeSV\lib\tess4j-3.4.8.jar;C:\Users\ANTi\OneDrive\Máy tính\lib_java\Tess4J-3.4.8-src\Tess4J\lib\commons-beanutils-1.9.2.jar;C:\Users\ANTi\OneDrive\Máy tính\lib_java\Tess4J-3.4.8-src\Tess4J\lib\commons-io-2.6.jar;C:\Users\ANTi\OneDrive\Máy tính\lib_java\Tess4J-3.4.8-src\Tess4J\lib\commons-logging-1.2.jar;C:\Users\ANTi\OneDrive\Máy tính\lib_java\Tess4J-3.4.8-src\Tess4J\lib\fontbox-2.0.9.jar;C:\Users\ANTi\OneDrive\Máy tính\lib_java\Tess4J-3.4.8-src\Tess4J\lib\ghost4j-1.0.1.jar;C:\Users\ANTi\OneDrive\Máy tính\lib_java\Tess4J-3.4.8-src\Tess4J\lib\hamcrest-core-1.3.jar;C:\Users\ANTi\OneDrive\Máy tính\lib_java\Tess4J-3.4.8-src\Tess4J\lib\itext-2.1.7.jar;C:\Users\ANTi\OneDrive\Máy tính\lib_java\Tess4J-3.4.8-src\Tess4J\lib\jai-imageio-core-1.4.0.jar;C:\Users\ANTi\OneDrive\Máy tính\lib_java\Tess4J-3.4.8-src\Tess4J\lib\jbig2-imageio-3.0.0.jar;C:\Users\ANTi\OneDrive\Máy tính\lib_java\Tess4J-3.4.8-src\Tess4J\lib\jboss-vfs-3.2.12.Final.jar;C:\Users\ANTi\OneDrive\Máy tính\lib_java\Tess4J-3.4.8-src\Tess4J\lib\jcl-over-slf4j-1.7.25.jar;C:\Users\ANTi\OneDrive\Máy tính\lib_java\Tess4J-3.4.8-src\Tess4J\lib\jna-4.1.0.jar;C:\Users\ANTi\OneDrive\Máy tính\lib_java\Tess4J-3.4.8-src\Tess4J\lib\jul-to-slf4j-1.7.25.jar;C:\Users\ANTi\OneDrive\Máy tính\lib_java\Tess4J-3.4.8-src\Tess4J\lib\junit-4.12.jar;C:\Users\ANTi\OneDrive\Máy tính\lib_java\Tess4J-3.4.8-src\Tess4J\lib\lept4j-1.6.4.jar;C:\Users\ANTi\OneDrive\Máy tính\lib_java\Tess4J-3.4.8-src\Tess4J\lib\log4j-1.2.17.jar;C:\Users\ANTi\OneDrive\Máy tính\lib_java\Tess4J-3.4.8-src\Tess4J\lib\log4j-ov
Launcher Type: SUN_STANDARD

[Global flags]
     intx CICompilerCount                          = 4                                         {product} {ergonomic}
     uint ConcGCThreads                            = 2                                         {product} {ergonomic}
     uint G1ConcRefinementThreads                  = 8                                         {product} {ergonomic}
   size_t G1HeapRegionSize                         = 1048576                                   {product} {ergonomic}
    uintx GCDrainStackTargetSize                   = 64                                        {product} {ergonomic}
   size_t InitialHeapSize                          = 130023424                                 {product} {ergonomic}
   size_t MarkStackSize                            = 4194304                                   {product} {ergonomic}
   size_t MaxHeapSize                              = 2076180480                                {product} {ergonomic}
   size_t MaxNewSize                               = 1245708288                                {product} {ergonomic}
   size_t MinHeapDeltaBytes                        = 1048576                                   {product} {ergonomic}
   size_t MinHeapSize                              = 8388608                                   {product} {ergonomic}
    uintx NonNMethodCodeHeapSize                   = 5839372                                {pd product} {ergonomic}
    uintx NonProfiledCodeHeapSize                  = 122909434                              {pd product} {ergonomic}
    uintx ProfiledCodeHeapSize                     = 122909434                              {pd product} {ergonomic}
    uintx ReservedCodeCacheSize                    = 251658240                              {pd product} {ergonomic}
     bool SegmentedCodeCache                       = true                                      {product} {ergonomic}
     bool ShowCodeDetailsInExceptionMessages       = true                                   {manageable} {command line}
   size_t SoftMaxHeapSize                          = 2076180480                             {manageable} {ergonomic}
     bool UseCompressedClassPointers               = true                           {product lp64_product} {ergonomic}
     bool UseCompressedOops                        = true                           {product lp64_product} {ergonomic}
     bool UseG1GC                                  = true                                      {product} {ergonomic}
     bool UseLargePagesIndividualAllocation        = false                                  {pd product} {ergonomic}

Logging:
Log output configuration:
 #0: stdout all=warning uptime,level,tags
 #1: stderr all=off uptime,level,tags

Environment Variables:
JAVA_HOME=C:\Program Files\Java\jdk-16.0.2
PATH=C:/Users/ANTi/.p2/pool/plugins/org.eclipse.justj.openjdk.hotspot.jre.full.win32.x86_64_17.0.0.v20211012-1059/jre/bin/server;C:/Users/ANTi/.p2/pool/plugins/org.eclipse.justj.openjdk.hotspot.jre.full.win32.x86_64_17.0.0.v20211012-1059/jre/bin;C:\Program Files\Eclipse Foundation\jdk-8.0.302.8-hotspot\bin;C:\Program Files\Common Files\Oracle\Java\javapath;C:\Program Files (x86)\Common Files\Oracle\Java\javapath;C:\Program Files\Microsoft MPI\Bin\;C:\Program Files (x86)\Common Files\Intel\Shared Libraries\redist\intel64\compiler;C:\Windows\system32;C:\Windows;C:\Windows\System32\Wbem;C:\Windows\System32\WindowsPowerShell\v1.0\;C:\Windows\System32\OpenSSH\;C:\Program Files\NVIDIA Corporation\NVIDIA NvDLISR;C:\Program Files\Common Files\Autodesk Shared\;C:\Program Files\Azure Data Studio\bin;C:\Program Files (x86)\Microsoft SQL Server\150\DTS\Binn\;C:\Program Files (x86)\Microsoft SQL Server\150\Tools\Binn\;C:\Program Files\Microsoft SQL Server\150\Tools\Binn\;C:\Program Files\Microsoft SQL Server\150\DTS\Binn\;C:\Program Files\Microsoft SQL Server\Client SDK\ODBC\170\Tools\Binn\;C:\Program Files (x86)\NVIDIA Corporation\PhysX\Common;C:\Program Files\dotnet\;C:\Program Files\Microsoft SQL Server\130\Tools\Binn\;C:\MinGW\bin;C:\Program Files\Java\jdk-16\bin;C:\Program Files\MongoDB\Server\5.0\bin;C:\Program Files\Java\jre1.8.0_172\bin;C:\Program Files\Java\jre1.8.0_311\bin;C:\Program Files\Java\jdk-17.0.1\bin;C:\Program Files\Java\jdk-15.0.2\bin;C:\Program Files\Java\jdk-16.0.2\bin;C:\WINDOWS\system32;C:\WINDOWS;C:\WINDOWS\System32\Wbem;C:\WINDOWS\System32\WindowsPowerShell\v1.0\;C:\WINDOWS\System32\OpenSSH\;C:\apache-maven-3.6.0\bin;C:\Program Files (x86)\dotnet\;C:\Program Files\Git\cmd;C:\Users\ANTi\AppData\Local\Programs\mongosh\;C:\Users\ANTi\AppData\Local\Programs\Microsoft VS Code\bin;C:\Users\ANTi\AppData\Local\Microsoft\WindowsApps;C:\Users\ANTi\.dotnet\tools;C:\WINDOWS\System32;
USERNAME=ANTi
OS=Windows_NT
PROCESSOR_IDENTIFIER=Intel64 Family 6 Model 140 Stepping 1, GenuineIntel



---------------  S Y S T E M  ---------------

OS:
 Windows 10 , 64 bit Build 22000 (10.0.22000.434)
OS uptime: 18 days 22:19 hours

CPU: total 8 (initial active 8) (4 cores per cpu, 2 threads per core) family 6 model 140 stepping 1 microcode 0x86, cx8, cmov, fxsr, ht, mmx, 3dnowpref, sse, sse2, sse3, ssse3, sse4.1, sse4.2, popcnt, lzcnt, tsc, tscinvbit, avx, avx2, aes, erms, clmul, bmi1, bmi2, adx, avx512f, avx512dq, avx512cd, avx512bw, avx512vl, sha, fma, vzeroupper, avx512_vpopcntdq, avx512_vpclmulqdq, avx512_vaes, avx512_vnni, clflush, clflushopt, clwb, avx512_vbmi2, avx512_vbmi

Memory: 4k page, system-wide physical 7914M (1152M free)
TotalPageFile size 32490M (AvailPageFile size 25M)
current process WorkingSet (physical memory assigned to process): 80M, peak: 80M
current process commit charge ("private bytes"): 221M, peak: 221M

vm_info: OpenJDK 64-Bit Server VM (17+35) for windows-amd64 JRE (17+35), built on Sep 14 2021 17:27:39 by "" with MS VC++ 16.7 (VS2019)

END.
